<?xml version="1.0" encoding="UTF-8"?>
<testng-results ignored="0" total="1" passed="0" failed="1" skipped="0">
  <reporter-output>
  </reporter-output>
  <suite started-at="2022-04-06T23:55:09 AST" name="Default suite" finished-at="2022-04-06T23:55:23 AST" duration-ms="14276">
    <groups>
      <group name="cucumber">
        <method signature="AbstractTestNGCucumberTests.runScenario(io.cucumber.testng.PickleWrapper,io.cucumber.testng.FeatureWrapper)[pri:0, instance:tests.LoginTestWithDataDriven@821330f]" name="runScenario" class="io.cucumber.testng.AbstractTestNGCucumberTests"/>
      </group> <!-- cucumber -->
    </groups>
    <test started-at="2022-04-06T23:55:09 AST" name="Default test" finished-at="2022-04-06T23:55:23 AST" duration-ms="14276">
      <class name="tests.LoginTestWithDataDriven">
        <test-method is-config="true" signature="setBrowserType(java.lang.String)[pri:0, instance:tests.LoginTestWithDataDriven@821330f]" started-at="2022-04-06T23:55:09 AST" name="setBrowserType" finished-at="2022-04-06T23:55:12 AST" duration-ms="3279" status="PASS">
          <params>
            <param index="0">
              <value>
                <![CDATA[Chrome]]>
              </value>
            </param>
          </params>
          <reporter-output>
          </reporter-output>
        </test-method> <!-- setBrowserType -->
        <test-method is-config="true" signature="setUpClass()[pri:0, instance:tests.LoginTestWithDataDriven@821330f]" started-at="2022-04-06T23:55:12 AST" name="setUpClass" finished-at="2022-04-06T23:55:12 AST" duration-ms="104" status="PASS">
          <reporter-output>
          </reporter-output>
        </test-method> <!-- setUpClass -->
        <test-method is-config="true" signature="loadLoginData()[pri:0, instance:tests.LoginTestWithDataDriven@821330f]" started-at="2022-04-06T23:55:12 AST" name="loadLoginData" finished-at="2022-04-06T23:55:13 AST" duration-ms="295" status="PASS">
          <reporter-output>
          </reporter-output>
        </test-method> <!-- loadLoginData -->
        <test-method signature="login()[pri:0, instance:tests.LoginTestWithDataDriven@821330f]" started-at="2022-04-06T23:55:13 AST" name="login" finished-at="2022-04-06T23:55:23 AST" duration-ms="10205" status="FAIL">
          <exception class="java.lang.AssertionError">
            <message>
              <![CDATA[expected:<AUTHENTICATION> but was:<MY ACCOUNT>]]>
            </message>
            <full-stacktrace>
              <![CDATA[java.lang.AssertionError: expected:<AUTHENTICATION> but was:<MY ACCOUNT>
at org.testng.AssertJUnit.assertEquals(AssertJUnit.java:115)
at org.testng.AssertJUnit.assertEquals(AssertJUnit.java:125)
at utilities.Assertions.assertElementText(Assertions.java:80)
at pages.MyAccountPage.assertMyAccountTitle(MyAccountPage.java:19)
at tests.LoginTestWithDataDriven.login(LoginTestWithDataDriven.java:44)
at java.base/jdk.internal.reflect.NativeMethodAccessorImpl.invoke0(Native Method)
at java.base/jdk.internal.reflect.NativeMethodAccessorImpl.invoke(NativeMethodAccessorImpl.java:77)
at java.base/jdk.internal.reflect.DelegatingMethodAccessorImpl.invoke(DelegatingMethodAccessorImpl.java:43)
at java.base/java.lang.reflect.Method.invoke(Method.java:568)
at org.testng.internal.MethodInvocationHelper.invokeMethod(MethodInvocationHelper.java:133)
at org.testng.internal.TestInvoker.invokeMethod(TestInvoker.java:598)
at org.testng.internal.TestInvoker.invokeTestMethod(TestInvoker.java:173)
at org.testng.internal.MethodRunner.runInSequence(MethodRunner.java:46)
at org.testng.internal.TestInvoker$MethodInvocationAgent.invoke(TestInvoker.java:824)
at org.testng.internal.TestInvoker.invokeTestMethods(TestInvoker.java:146)
at org.testng.internal.TestMethodWorker.invokeTestMethods(TestMethodWorker.java:146)
at org.testng.internal.TestMethodWorker.run(TestMethodWorker.java:128)
at java.base/java.util.ArrayList.forEach(ArrayList.java:1511)
at org.testng.TestRunner.privateRun(TestRunner.java:794)
at org.testng.TestRunner.run(TestRunner.java:596)
at org.testng.SuiteRunner.runTest(SuiteRunner.java:377)
at org.testng.SuiteRunner.runSequentially(SuiteRunner.java:371)
at org.testng.SuiteRunner.privateRun(SuiteRunner.java:332)
at org.testng.SuiteRunner.run(SuiteRunner.java:276)
at org.testng.SuiteRunnerWorker.runSuite(SuiteRunnerWorker.java:53)
at org.testng.SuiteRunnerWorker.run(SuiteRunnerWorker.java:96)
at org.testng.TestNG.runSuitesSequentially(TestNG.java:1212)
at org.testng.TestNG.runSuitesLocally(TestNG.java:1134)
at org.testng.TestNG.runSuites(TestNG.java:1063)
at org.testng.TestNG.run(TestNG.java:1031)
at org.testng.remote.AbstractRemoteTestNG.run(AbstractRemoteTestNG.java:115)
at org.testng.remote.RemoteTestNG.initAndRun(RemoteTestNG.java:251)
at org.testng.remote.RemoteTestNG.main(RemoteTestNG.java:77)
]]>
            </full-stacktrace>
          </exception> <!-- java.lang.AssertionError -->
          <reporter-output>
          </reporter-output>
        </test-method> <!-- login -->
        <test-method is-config="true" signature="takeScreenShot()[pri:0, instance:tests.LoginTestWithDataDriven@821330f]" started-at="2022-04-06T23:55:23 AST" name="takeScreenShot" finished-at="2022-04-06T23:55:23 AST" duration-ms="123" status="PASS">
          <reporter-output>
          </reporter-output>
        </test-method> <!-- takeScreenShot -->
        <test-method is-config="true" signature="tearDownClass()[pri:0, instance:tests.LoginTestWithDataDriven@821330f]" started-at="2022-04-06T23:55:23 AST" name="tearDownClass" finished-at="2022-04-06T23:55:23 AST" duration-ms="4" status="PASS">
          <reporter-output>
          </reporter-output>
        </test-method> <!-- tearDownClass -->
        <test-method is-config="true" signature="quitDriver()[pri:0, instance:tests.LoginTestWithDataDriven@821330f]" started-at="2022-04-06T23:55:23 AST" name="quitDriver" finished-at="2022-04-06T23:55:23 AST" duration-ms="160" status="PASS">
          <reporter-output>
          </reporter-output>
        </test-method> <!-- quitDriver -->
      </class> <!-- tests.LoginTestWithDataDriven -->
    </test> <!-- Default test -->
  </suite> <!-- Default suite -->
</testng-results>
